trackManager/build/outputs/logs/manifest-merger-debug-report.txt
-- Merging decision tree log ---
manifest
ADDED from src\main\AndroidManifest.xml:2:1-113:12
	package
		ADDED from src\main\AndroidManifest.xml:3:5-31
		INJECTED from src\main\AndroidManifest.xml
		INJECTED from src\main\AndroidManifest.xml
	android:versionName
		ADDED from src\main\AndroidManifest.xml:6:5-33
		INJECTED from src\main\AndroidManifest.xml
		INJECTED from src\main\AndroidManifest.xml
	android:versionCode
		ADDED from src\main\AndroidManifest.xml:5:5-28
		INJECTED from src\main\AndroidManifest.xml
		INJECTED from src\main\AndroidManifest.xml
	xmlns:android
		ADDED from src\main\AndroidManifest.xml:2:11-69
	android:installLocation
		ADDED from src\main\AndroidManifest.xml:4:5-35
uses-sdk
ADDED from src\main\AndroidManifest.xml:8:5-44
MERGED from [TrackManager:framework:unspecified] AndroidManifest.xml:7:5-9:40
MERGED from [com.android.support:support-v4:22.2.1] AndroidManifest.xml:20:5-43
MERGED from [com.google.android.gms:play-services:6.5.87] AndroidManifest.xml:18:5-42
MERGED from [com.android.support:support-v4:22.2.1] AndroidManifest.xml:20:5-43
MERGED from [com.android.support:appcompat-v7:22.2.1] AndroidManifest.xml:20:5-43
MERGED from [com.android.support:support-v4:22.2.1] AndroidManifest.xml:20:5-43
	android:targetSdkVersion
		INJECTED from src\main\AndroidManifest.xml
		INJECTED from src\main\AndroidManifest.xml
	android:minSdkVersion
		ADDED from src\main\AndroidManifest.xml:8:15-41
		INJECTED from src\main\AndroidManifest.xml
		INJECTED from src\main\AndroidManifest.xml
permission#at.dcosta.tracks.permission.MAPS_RECEIVE
ADDED from src\main\AndroidManifest.xml:10:5-12:46
	android:protectionLevel
		ADDED from src\main\AndroidManifest.xml:12:9-44
	android:name
		ADDED from src\main\AndroidManifest.xml:11:9-64
uses-permission#android.permission.ACCESS_LOCATION_EXTRA_COMMANDS
ADDED from src\main\AndroidManifest.xml:14:5-89
	android:name
		ADDED from src\main\AndroidManifest.xml:14:22-86
uses-permission#android.permission.ACCESS_FINE_LOCATION
ADDED from src\main\AndroidManifest.xml:15:5-79
	android:name
		ADDED from src\main\AndroidManifest.xml:15:22-76
uses-permission#android.permission.READ_PHONE_STATE
ADDED from src\main\AndroidManifest.xml:16:5-75
	android:name
		ADDED from src\main\AndroidManifest.xml:16:22-72
uses-permission#android.permission.WRITE_EXTERNAL_STORAGE
ADDED from src\main\AndroidManifest.xml:17:5-81
	android:name
		ADDED from src\main\AndroidManifest.xml:17:22-78
uses-permission#android.permission.INTERNET
ADDED from src\main\AndroidManifest.xml:18:5-67
	android:name
		ADDED from src\main\AndroidManifest.xml:18:22-64
uses-permission#android.permission.ACCESS_WIFI_STATE
ADDED from src\main\AndroidManifest.xml:19:5-76
	android:name
		ADDED from src\main\AndroidManifest.xml:19:22-73
uses-permission#android.permission.CHANGE_WIFI_STATE
ADDED from src\main\AndroidManifest.xml:20:5-76
	android:name
		ADDED from src\main\AndroidManifest.xml:20:22-73
uses-permission#android.permission.BLUETOOTH
ADDED from src\main\AndroidManifest.xml:21:5-68
	android:name
		ADDED from src\main\AndroidManifest.xml:21:22-65
uses-permission#android.permission.BLUETOOTH_ADMIN
ADDED from src\main\AndroidManifest.xml:22:5-74
	android:name
		ADDED from src\main\AndroidManifest.xml:22:22-71
uses-permission#android.permission.ACCESS_COARSE_LOCATION
ADDED from src\main\AndroidManifest.xml:25:5-81
	android:name
		ADDED from src\main\AndroidManifest.xml:25:22-78
uses-permission#android.permission.ACCESS_NETWORK_STATE
ADDED from src\main\AndroidManifest.xml:26:5-79
	android:name
		ADDED from src\main\AndroidManifest.xml:26:22-76
uses-permission#com.google.android.providers.gsf.permission.READ_GSERVICES
ADDED from src\main\AndroidManifest.xml:27:5-98
	android:name
		ADDED from src\main\AndroidManifest.xml:27:22-95
uses-permission#at.dcosta.tracks.permission.MAPS_RECEIVE
ADDED from src\main\AndroidManifest.xml:29:5-30:66
	android:name
		ADDED from src\main\AndroidManifest.xml:30:9-64
uses-feature#0x00020000
ADDED from src\main\AndroidManifest.xml:33:5-35:34
	android:glEsVersion
		ADDED from src\main\AndroidManifest.xml:34:9-41
	android:required
		ADDED from src\main\AndroidManifest.xml:35:9-32
application
ADDED from src\main\AndroidManifest.xml:42:5-111:19
MERGED from [com.android.support:support-v4:22.2.1] AndroidManifest.xml:22:5-20
MERGED from [com.google.android.gms:play-services:6.5.87] AndroidManifest.xml:20:5-24:19
MERGED from [com.android.support:support-v4:22.2.1] AndroidManifest.xml:22:5-20
MERGED from [com.android.support:appcompat-v7:22.2.1] AndroidManifest.xml:22:5-20
MERGED from [com.android.support:support-v4:22.2.1] AndroidManifest.xml:22:5-20
	android:label
		ADDED from src\main\AndroidManifest.xml:44:9-40
	android:icon
		ADDED from src\main\AndroidManifest.xml:43:9-38
uses-library#com.google.android.maps
ADDED from src\main\AndroidManifest.xml:45:9-47:40
	android:required
		ADDED from src\main\AndroidManifest.xml:47:13-37
	android:name
		ADDED from src\main\AndroidManifest.xml:46:13-51
activity#at.dcosta.tracks.TrackManager
ADDED from src\main\AndroidManifest.xml:49:9-57:20
	android:label
		ADDED from src\main\AndroidManifest.xml:51:13-44
	android:name
		ADDED from src\main\AndroidManifest.xml:50:13-41
intent-filter#android.intent.action.MAIN+android.intent.category.LAUNCHER
ADDED from src\main\AndroidManifest.xml:52:13-56:29
action#android.intent.action.MAIN
ADDED from src\main\AndroidManifest.xml:53:17-69
	android:name
		ADDED from src\main\AndroidManifest.xml:53:25-66
category#android.intent.category.LAUNCHER
ADDED from src\main\AndroidManifest.xml:55:17-77
	android:name
		ADDED from src\main\AndroidManifest.xml:55:27-74
activity#at.dcosta.tracks.PropertyList
ADDED from src\main\AndroidManifest.xml:58:9-50
	android:name
		ADDED from src\main\AndroidManifest.xml:58:19-47
activity#at.dcosta.android.fw.props.gui.PropertyList
ADDED from src\main\AndroidManifest.xml:61:9-80
	android:name
		ADDED from src\main\AndroidManifest.xml:61:19-77
activity#at.dcosta.android.fw.props.gui.PropertyEditor
ADDED from src\main\AndroidManifest.xml:62:9-82
	android:name
		ADDED from src\main\AndroidManifest.xml:62:19-79
activity#at.dcosta.android.fw.props.gui.TextPropertyEditor
ADDED from src\main\AndroidManifest.xml:63:9-86
	android:name
		ADDED from src\main\AndroidManifest.xml:63:19-83
activity#at.dcosta.android.fw.props.gui.ValueCollectionPropertyEditor
ADDED from src\main\AndroidManifest.xml:64:9-97
	android:name
		ADDED from src\main\AndroidManifest.xml:64:19-94
activity#at.dcosta.android.fw.props.gui.BooleanPropertyEditor
ADDED from src\main\AndroidManifest.xml:65:9-89
	android:name
		ADDED from src\main\AndroidManifest.xml:65:19-86
activity#at.dcosta.android.fw.props.gui.FileFolderPropertyEditor
ADDED from src\main\AndroidManifest.xml:66:9-92
	android:name
		ADDED from src\main\AndroidManifest.xml:66:19-89
activity#at.dcosta.android.fw.props.gui.FileChooser
ADDED from src\main\AndroidManifest.xml:67:9-79
	android:name
		ADDED from src\main\AndroidManifest.xml:67:19-76
activity#at.dcosta.android.fw.props.gui.DatePropertyEditor
ADDED from src\main\AndroidManifest.xml:68:9-86
	android:name
		ADDED from src\main\AndroidManifest.xml:68:19-83
activity#at.dcosta.tracks.TrackList
ADDED from src\main\AndroidManifest.xml:71:9-47
	android:name
		ADDED from src\main\AndroidManifest.xml:71:19-44
activity#at.dcosta.tracks.TrackEdit
ADDED from src\main\AndroidManifest.xml:72:9-47
	android:name
		ADDED from src\main\AndroidManifest.xml:72:19-44
activity#at.dcosta.tracks.TrackOnMap
ADDED from src\main\AndroidManifest.xml:73:9-75:63
	android:theme
		ADDED from src\main\AndroidManifest.xml:75:13-60
	android:name
		ADDED from src\main\AndroidManifest.xml:74:13-39
activity#at.dcosta.tracks.graph.TrackProfile
ADDED from src\main\AndroidManifest.xml:76:9-56
	android:name
		ADDED from src\main\AndroidManifest.xml:76:19-53
activity#at.dcosta.tracks.TrackSearch
ADDED from src\main\AndroidManifest.xml:77:9-49
	android:name
		ADDED from src\main\AndroidManifest.xml:77:19-46
activity#at.dcosta.tracks.TrackCopy
ADDED from src\main\AndroidManifest.xml:78:9-47
	android:name
		ADDED from src\main\AndroidManifest.xml:78:19-44
activity#at.dcosta.tracks.ViewPhotos
ADDED from src\main\AndroidManifest.xml:79:9-81:52
	android:screenOrientation
		ADDED from src\main\AndroidManifest.xml:81:13-49
	android:name
		ADDED from src\main\AndroidManifest.xml:80:13-39
activity#at.dcosta.tracks.Loader
ADDED from src\main\AndroidManifest.xml:82:9-44
	android:name
		ADDED from src\main\AndroidManifest.xml:82:19-41
activity#at.dcosta.tracks.RecordTrack
ADDED from src\main\AndroidManifest.xml:83:9-87:47
	android:enabled
		ADDED from src\main\AndroidManifest.xml:86:13-35
	android:launchMode
		ADDED from src\main\AndroidManifest.xml:87:13-44
	android:alwaysRetainTaskState
		ADDED from src\main\AndroidManifest.xml:85:13-49
	android:name
		ADDED from src\main\AndroidManifest.xml:84:13-40
activity#at.dcosta.tracks.TrackDetails
ADDED from src\main\AndroidManifest.xml:88:9-50
	android:name
		ADDED from src\main\AndroidManifest.xml:88:19-47
activity#at.dcosta.tracks.TrackOnOsmMap
ADDED from src\main\AndroidManifest.xml:89:9-51
	android:name
		ADDED from src\main\AndroidManifest.xml:89:19-48
activity#at.dcosta.tracks.track.share.BluetoothSender
ADDED from src\main\AndroidManifest.xml:90:9-65
	android:name
		ADDED from src\main\AndroidManifest.xml:90:19-62
activity#at.dcosta.tracks.track.share.BluetoothReceiver
ADDED from src\main\AndroidManifest.xml:91:9-67
	android:name
		ADDED from src\main\AndroidManifest.xml:91:19-64
service#at.dcosta.tracker.TrackerService
ADDED from src\main\AndroidManifest.xml:93:9-68
	android:name
		ADDED from src\main\AndroidManifest.xml:93:18-65
service#org.andnav.osm.services.OpenStreetMapTileProviderService
ADDED from src\main\AndroidManifest.xml:94:9-101:19
	android:process
		ADDED from src\main\AndroidManifest.xml:97:13-38
	android:label
		ADDED from src\main\AndroidManifest.xml:96:13-61
	android:name
		ADDED from src\main\AndroidManifest.xml:95:13-84
intent-filter#org.andnav.osm.services.IOpenStreetMapTileProviderService
ADDED from src\main\AndroidManifest.xml:98:13-100:29
action#org.andnav.osm.services.IOpenStreetMapTileProviderService
ADDED from src\main\AndroidManifest.xml:99:17-100
	android:name
		ADDED from src\main\AndroidManifest.xml:99:25-97
meta-data#com.google.android.maps.v2.API_KEY
ADDED from src\main\AndroidManifest.xml:107:9-109:55
	android:value
		ADDED from src\main\AndroidManifest.xml:109:13-52
	android:name
		ADDED from src\main\AndroidManifest.xml:108:13-62
meta-data#com.google.android.gms.version
ADDED from [com.google.android.gms:play-services:6.5.87] AndroidManifest.xml:21:9-23:69
	android:value
		ADDED from [com.google.android.gms:play-services:6.5.87] AndroidManifest.xml:23:13-66
	android:name
		ADDED from [com.google.android.gms:play-services:6.5.87] AndroidManifest.xml:22:13-58